TN:
SF:controllers\cartController.js
FN:4,(anonymous_0)
FN:16,(anonymous_1)
FN:58,(anonymous_2)
FN:76,(anonymous_3)
FN:88,(anonymous_4)
FN:120,(anonymous_5)
FN:148,(anonymous_6)
FNF:7
FNH:6
FNDA:3,(anonymous_0)
FNDA:1,(anonymous_1)
FNDA:1,(anonymous_2)
FNDA:2,(anonymous_3)
FNDA:2,(anonymous_4)
FNDA:2,(anonymous_5)
FNDA:0,(anonymous_6)
DA:1,1
DA:5,3
DA:6,3
DA:7,3
DA:9,3
DA:16,2
DA:17,2
DA:18,1
DA:29,1
DA:37,1
DA:40,1
DA:42,1
DA:48,1
DA:53,1
DA:54,1
DA:59,1
DA:60,1
DA:61,1
DA:62,1
DA:76,1
DA:77,2
DA:80,1
DA:83,0
DA:84,0
DA:89,2
DA:90,2
DA:92,2
DA:98,2
DA:100,1
DA:105,1
DA:111,1
DA:115,1
DA:116,1
DA:121,2
DA:122,2
DA:124,2
DA:130,2
DA:131,1
DA:138,1
DA:143,1
DA:144,1
DA:149,0
DA:150,0
DA:152,0
DA:158,0
DA:159,0
DA:164,0
DA:165,0
DA:170,0
DA:174,0
DA:180,0
DA:186,0
DA:187,0
DA:192,1
LF:54
LH:40
BRDA:17,0,0,1
BRDA:17,0,1,1
BRDA:98,1,0,1
BRDA:98,1,1,1
BRDA:130,2,0,1
BRDA:130,2,1,1
BRDA:158,3,0,0
BRDA:158,3,1,0
BRDA:164,4,0,0
BRDA:164,4,1,0
BRF:10
BRH:6
end_of_record
TN:
SF:controllers\chatController.js
FN:6,(anonymous_0)
FN:20,(anonymous_1)
FN:46,(anonymous_2)
FN:86,(anonymous_3)
FN:118,(anonymous_4)
FN:144,(anonymous_5)
FN:195,(anonymous_6)
FN:228,(anonymous_7)
FN:248,(anonymous_8)
FNF:9
FNH:0
FNDA:0,(anonymous_0)
FNDA:0,(anonymous_1)
FNDA:0,(anonymous_2)
FNDA:0,(anonymous_3)
FNDA:0,(anonymous_4)
FNDA:0,(anonymous_5)
FNDA:0,(anonymous_6)
FNDA:0,(anonymous_7)
FNDA:0,(anonymous_8)
DA:1,0
DA:2,0
DA:7,0
DA:8,0
DA:19,0
DA:21,0
DA:28,0
DA:35,0
DA:40,0
DA:41,0
DA:47,0
DA:48,0
DA:50,0
DA:71,0
DA:72,0
DA:75,0
DA:80,0
DA:81,0
DA:87,0
DA:88,0
DA:90,0
DA:107,0
DA:112,0
DA:113,0
DA:119,0
DA:120,0
DA:122,0
DA:126,0
DA:127,0
DA:133,0
DA:138,0
DA:139,0
DA:145,0
DA:146,0
DA:147,0
DA:148,0
DA:150,0
DA:151,0
DA:154,0
DA:155,0
DA:156,0
DA:159,0
DA:168,0
DA:174,0
DA:184,0
DA:189,0
DA:190,0
DA:196,0
DA:197,0
DA:198,0
DA:199,0
DA:204,0
DA:206,0
DA:217,0
DA:222,0
DA:223,0
DA:229,0
DA:230,0
DA:237,0
DA:242,0
DA:243,0
DA:249,0
DA:250,0
DA:252,0
DA:253,0
DA:254,0
DA:257,0
DA:259,0
DA:264,0
DA:265,0
DA:270,0
LF:71
LH:0
BRDA:71,0,0,0
BRDA:71,0,1,0
BRDA:126,1,0,0
BRDA:126,1,1,0
BRDA:150,2,0,0
BRDA:150,2,1,0
BRDA:150,3,0,0
BRDA:150,3,1,0
BRDA:155,4,0,0
BRDA:155,4,1,0
BRDA:204,5,0,0
BRDA:204,5,1,0
BRDA:253,6,0,0
BRDA:253,6,1,0
BRF:14
BRH:0
end_of_record
TN:
SF:controllers\menuControllers.js
FN:17,(anonymous_0)
FN:41,(anonymous_1)
FN:64,(anonymous_2)
FN:89,(anonymous_3)
FN:116,(anonymous_4)
FN:165,(anonymous_5)
FN:231,(anonymous_6)
FN:252,(anonymous_7)
FN:276,(anonymous_8)
FN:320,(anonymous_9)
FN:349,(anonymous_10)
FN:376,(anonymous_11)
FNF:12
FNH:10
FNDA:2,(anonymous_0)
FNDA:1,(anonymous_1)
FNDA:1,(anonymous_2)
FNDA:2,(anonymous_3)
FNDA:1,(anonymous_4)
FNDA:0,(anonymous_5)
FNDA:1,(anonymous_6)
FNDA:2,(anonymous_7)
FNDA:2,(anonymous_8)
FNDA:2,(anonymous_9)
FNDA:2,(anonymous_10)
FNDA:0,(anonymous_11)
DA:1,1
DA:2,1
DA:4,1
DA:5,1
DA:6,1
DA:8,1
DA:18,2
DA:19,2
DA:29,1
DA:36,1
DA:37,1
DA:42,1
DA:43,1
DA:52,1
DA:59,0
DA:60,0
DA:65,1
DA:66,1
DA:77,1
DA:84,0
DA:85,0
DA:90,2
DA:91,2
DA:93,2
DA:99,2
DA:100,1
DA:105,1
DA:111,1
DA:112,1
DA:117,1
DA:118,1
DA:119,1
DA:120,1
DA:121,1
DA:122,1
DA:125,1
DA:130,0
DA:131,0
DA:133,0
DA:135,0
DA:145,0
DA:160,1
DA:161,1
DA:166,0
DA:167,0
DA:168,0
DA:169,0
DA:170,0
DA:171,0
DA:173,0
DA:174,0
DA:175,0
DA:176,0
DA:177,0
DA:182,0
DA:184,0
DA:189,0
DA:190,0
DA:191,0
DA:192,0
DA:193,0
DA:194,0
DA:195,0
DA:198,0
DA:210,0
DA:226,0
DA:227,0
DA:232,1
DA:233,1
DA:239,1
DA:246,0
DA:247,0
DA:253,2
DA:254,2
DA:256,2
DA:258,2
DA:263,1
DA:271,1
DA:272,1
DA:277,2
DA:278,2
DA:279,2
DA:280,2
DA:284,2
DA:289,2
DA:290,2
DA:295,1
DA:304,1
DA:315,1
DA:316,1
DA:321,2
DA:322,2
DA:323,2
DA:327,1
DA:332,1
DA:337,1
DA:344,1
DA:345,1
DA:350,2
DA:351,2
DA:353,2
DA:355,2
DA:360,1
DA:365,1
DA:371,1
DA:372,1
DA:377,0
DA:378,0
DA:380,0
DA:381,0
DA:386,0
DA:392,0
DA:398,0
DA:399,0
DA:405,1
LF:115
LH:72
BRDA:99,0,0,1
BRDA:99,0,1,1
BRDA:125,1,0,1
BRDA:125,1,1,0
BRDA:173,2,0,0
BRDA:173,2,1,0
BRDA:174,3,0,0
BRDA:174,3,1,0
BRDA:175,4,0,0
BRDA:175,4,1,0
BRDA:176,5,0,0
BRDA:176,5,1,0
BRDA:177,6,0,0
BRDA:177,6,1,0
BRDA:177,7,0,0
BRDA:177,7,1,0
BRDA:184,8,0,0
BRDA:184,8,1,0
BRDA:190,9,0,0
BRDA:190,9,1,0
BRDA:258,10,0,1
BRDA:258,10,1,1
BRDA:280,11,0,0
BRDA:280,11,1,2
BRDA:284,12,0,0
BRDA:284,12,1,2
BRDA:290,13,0,1
BRDA:290,13,1,1
BRDA:323,14,0,1
BRDA:323,14,1,1
BRDA:327,15,0,0
BRDA:327,15,1,1
BRDA:355,16,0,1
BRDA:355,16,1,1
BRDA:381,17,0,0
BRDA:381,17,1,0
BRF:36
BRH:14
end_of_record
TN:
SF:controllers\orderController.js
FN:10,(anonymous_0)
FN:28,(anonymous_1)
FN:29,(anonymous_2)
FN:49,(anonymous_3)
FN:86,(anonymous_4)
FN:120,(anonymous_5)
FN:121,(anonymous_6)
FN:141,(anonymous_7)
FN:143,(anonymous_8)
FN:155,(anonymous_9)
FN:168,(anonymous_10)
FN:206,(anonymous_11)
FN:242,(anonymous_12)
FN:282,(anonymous_13)
FN:314,(anonymous_14)
FN:356,(anonymous_15)
FN:382,(anonymous_16)
FNF:17
FNH:0
FNDA:0,(anonymous_0)
FNDA:0,(anonymous_1)
FNDA:0,(anonymous_2)
FNDA:0,(anonymous_3)
FNDA:0,(anonymous_4)
FNDA:0,(anonymous_5)
FNDA:0,(anonymous_6)
FNDA:0,(anonymous_7)
FNDA:0,(anonymous_8)
FNDA:0,(anonymous_9)
FNDA:0,(anonymous_10)
FNDA:0,(anonymous_11)
FNDA:0,(anonymous_12)
FNDA:0,(anonymous_13)
FNDA:0,(anonymous_14)
FNDA:0,(anonymous_15)
FNDA:0,(anonymous_16)
DA:1,0
DA:2,0
DA:3,0
DA:4,0
DA:5,0
DA:6,0
DA:11,0
DA:12,0
DA:14,0
DA:28,0
DA:29,0
DA:30,0
DA:31,0
DA:32,0
DA:34,0
DA:44,0
DA:49,0
DA:51,0
DA:56,0
DA:58,0
DA:72,0
DA:74,0
DA:81,0
DA:82,0
DA:87,0
DA:88,0
DA:89,0
DA:90,0
DA:91,0
DA:92,0
DA:94,0
DA:102,0
DA:104,0
DA:106,0
DA:120,0
DA:121,0
DA:122,0
DA:123,0
DA:124,0
DA:126,0
DA:136,0
DA:141,0
DA:143,0
DA:144,0
DA:146,0
DA:155,0
DA:156,0
DA:166,0
DA:168,0
DA:173,0
DA:180,0
DA:187,0
DA:188,0
DA:192,0
DA:194,0
DA:201,0
DA:202,0
DA:207,0
DA:208,0
DA:210,0
DA:231,0
DA:237,0
DA:238,0
DA:243,0
DA:244,0
DA:245,0
DA:247,0
DA:267,0
DA:271,0
DA:278,0
DA:283,0
DA:284,0
DA:303,0
DA:309,0
DA:310,0
DA:315,0
DA:316,0
DA:317,0
DA:318,0
DA:320,0
DA:345,0
DA:351,0
DA:352,0
DA:357,0
DA:358,0
DA:359,0
DA:360,0
DA:362,0
DA:371,0
DA:377,0
DA:378,0
DA:383,0
DA:384,0
DA:385,0
DA:386,0
DA:388,0
DA:389,0
DA:394,0
DA:402,0
DA:409,0
DA:410,0
DA:416,0
LF:102
LH:0
BRDA:30,0,0,0
BRDA:30,0,1,0
BRDA:102,1,0,0
BRDA:102,1,1,0
BRDA:102,2,0,0
BRDA:102,2,1,0
BRDA:104,3,0,0
BRDA:104,3,1,0
BRDA:122,4,0,0
BRDA:122,4,1,0
BRDA:267,5,0,0
BRDA:267,5,1,0
BRDA:386,6,0,0
BRDA:386,6,1,0
BRDA:389,7,0,0
BRDA:389,7,1,0
BRF:16
BRH:0
end_of_record
TN:
SF:controllers\superAdminController.js
FN:7,(anonymous_0)
FN:123,(anonymous_1)
FN:170,(anonymous_2)
FN:204,(anonymous_3)
FN:242,(anonymous_4)
FN:276,(anonymous_5)
FN:308,(anonymous_6)
FN:365,(anonymous_7)
FNF:8
FNH:0
FNDA:0,(anonymous_0)
FNDA:0,(anonymous_1)
FNDA:0,(anonymous_2)
FNDA:0,(anonymous_3)
FNDA:0,(anonymous_4)
FNDA:0,(anonymous_5)
FNDA:0,(anonymous_6)
FNDA:0,(anonymous_7)
DA:1,0
DA:2,0
DA:3,0
DA:8,0
DA:10,0
DA:15,0
DA:20,0
DA:23,0
DA:30,0
DA:33,0
DA:36,0
DA:37,0
DA:38,0
DA:40,0
DA:49,0
DA:59,0
DA:60,0
DA:62,0
DA:71,0
DA:80,0
DA:88,0
DA:99,0
DA:117,0
DA:118,0
DA:124,0
DA:125,0
DA:127,0
DA:129,0
DA:130,0
DA:133,0
DA:134,0
DA:141,0
DA:143,0
DA:151,0
DA:164,0
DA:165,0
DA:171,0
DA:172,0
DA:174,0
DA:189,0
DA:190,0
DA:193,0
DA:198,0
DA:199,0
DA:205,0
DA:206,0
DA:207,0
DA:209,0
DA:210,0
DA:213,0
DA:214,0
DA:215,0
DA:219,0
DA:220,0
DA:223,0
DA:225,0
DA:236,0
DA:237,0
DA:243,0
DA:244,0
DA:246,0
DA:247,0
DA:250,0
DA:259,0
DA:270,0
DA:271,0
DA:277,0
DA:278,0
DA:280,0
DA:281,0
DA:282,0
DA:286,0
DA:287,0
DA:291,0
DA:292,0
DA:295,0
DA:297,0
DA:302,0
DA:303,0
DA:309,0
DA:310,0
DA:312,0
DA:314,0
DA:315,0
DA:318,0
DA:319,0
DA:322,0
DA:324,0
DA:346,0
DA:359,0
DA:360,0
DA:366,0
DA:367,0
DA:368,0
DA:370,0
DA:371,0
DA:372,0
DA:375,0
DA:376,0
DA:377,0
DA:379,0
DA:381,0
DA:387,0
DA:388,0
DA:393,0
LF:105
LH:0
BRDA:23,0,0,0
BRDA:23,0,1,0
BRDA:49,1,0,0
BRDA:49,1,1,0
BRDA:125,2,0,0
BRDA:125,3,0,0
BRDA:129,4,0,0
BRDA:129,4,1,0
BRDA:133,5,0,0
BRDA:133,5,1,0
BRDA:189,6,0,0
BRDA:189,6,1,0
BRDA:209,7,0,0
BRDA:209,7,1,0
BRDA:214,8,0,0
BRDA:214,8,1,0
BRDA:219,9,0,0
BRDA:219,9,1,0
BRDA:246,10,0,0
BRDA:246,10,1,0
BRDA:281,11,0,0
BRDA:281,11,1,0
BRDA:286,12,0,0
BRDA:286,12,1,0
BRDA:291,13,0,0
BRDA:291,13,1,0
BRDA:310,14,0,0
BRDA:310,15,0,0
BRDA:314,16,0,0
BRDA:314,16,1,0
BRDA:318,17,0,0
BRDA:318,17,1,0
BRDA:371,18,0,0
BRDA:371,18,1,0
BRDA:376,19,0,0
BRDA:376,19,1,0
BRDA:377,20,0,0
BRDA:377,20,1,0
BRF:38
BRH:0
end_of_record
TN:
SF:controllers\userController.js
FN:7,(anonymous_0)
FN:28,(anonymous_1)
FN:63,(anonymous_2)
FN:81,(anonymous_3)
FNF:4
FNH:4
FNDA:2,(anonymous_0)
FNDA:5,(anonymous_1)
FNDA:1,(anonymous_2)
FNDA:1,(anonymous_3)
DA:1,1
DA:2,1
DA:3,1
DA:4,1
DA:8,2
DA:9,2
DA:11,2
DA:15,1
DA:17,1
DA:23,1
DA:24,1
DA:29,5
DA:30,5
DA:31,5
DA:32,4
DA:34,3
DA:40,3
DA:42,2
DA:43,2
DA:45,1
DA:47,1
DA:58,4
DA:59,4
DA:64,1
DA:65,1
DA:67,1
DA:73,1
DA:76,0
DA:77,0
DA:82,1
DA:83,1
DA:90,1
DA:95,0
DA:96,0
DA:101,1
LF:35
LH:31
BRDA:31,0,0,1
BRDA:31,0,1,4
BRDA:32,1,0,1
BRDA:32,1,1,3
BRDA:40,2,0,1
BRDA:40,2,1,2
BRDA:43,3,0,1
BRDA:43,3,1,1
BRF:8
BRH:8
end_of_record
TN:
SF:helpers\axios.js
FNF:0
FNH:0
DA:1,0
DA:3,0
DA:11,0
LF:3
LH:0
BRDA:4,0,0,0
BRDA:4,0,1,0
BRF:2
BRH:0
end_of_record
TN:
SF:helpers\bcrypt.js
FN:3,hashPassword
FN:8,comparePassword
FNF:2
FNH:2
FNDA:7,hashPassword
FNDA:3,comparePassword
DA:1,1
DA:4,7
DA:5,7
DA:9,3
DA:12,1
LF:5
LH:5
BRF:0
BRH:0
end_of_record
TN:
SF:helpers\jwt.js
FN:4,signToken
FN:8,verifyToken
FNF:2
FNH:2
FNDA:9,signToken
FNDA:7,verifyToken
DA:1,2
DA:2,2
DA:5,9
DA:9,7
DA:12,2
LF:5
LH:5
BRF:0
BRH:0
end_of_record
TN:
SF:middlewares\authMiddleware.js
FN:4,authMiddleware
FN:37,superAdminMiddleware
FN:74,adminMiddleware
FNF:3
FNH:2
FNDA:4,authMiddleware
FNDA:3,superAdminMiddleware
FNDA:0,adminMiddleware
DA:1,1
DA:2,1
DA:5,4
DA:6,4
DA:7,4
DA:9,3
DA:10,3
DA:12,2
DA:13,2
DA:15,2
DA:20,2
DA:22,1
DA:29,1
DA:32,3
DA:33,3
DA:38,3
DA:39,3
DA:40,3
DA:42,2
DA:43,2
DA:45,2
DA:46,2
DA:48,2
DA:53,2
DA:55,2
DA:56,1
DA:59,1
DA:66,1
DA:69,2
DA:70,2
DA:75,0
DA:76,0
DA:77,0
DA:79,0
DA:80,0
DA:82,0
DA:83,0
DA:85,0
DA:90,0
DA:92,0
DA:93,0
DA:96,0
DA:103,0
DA:106,0
DA:107,0
DA:111,1
LF:46
LH:31
BRDA:7,0,0,1
BRDA:7,0,1,3
BRDA:10,1,0,1
BRDA:10,1,1,2
BRDA:10,2,0,3
BRDA:10,2,1,2
BRDA:13,3,0,0
BRDA:13,3,1,2
BRDA:20,4,0,1
BRDA:20,4,1,1
BRDA:40,5,0,1
BRDA:40,5,1,2
BRDA:43,6,0,0
BRDA:43,6,1,2
BRDA:43,7,0,2
BRDA:43,7,1,2
BRDA:46,8,0,0
BRDA:46,8,1,2
BRDA:53,9,0,0
BRDA:53,9,1,2
BRDA:55,10,0,1
BRDA:55,10,1,1
BRDA:77,11,0,0
BRDA:77,11,1,0
BRDA:80,12,0,0
BRDA:80,12,1,0
BRDA:80,13,0,0
BRDA:80,13,1,0
BRDA:83,14,0,0
BRDA:83,14,1,0
BRDA:90,15,0,0
BRDA:90,15,1,0
BRDA:92,16,0,0
BRDA:92,16,1,0
BRF:34
BRH:18
end_of_record
TN:
SF:middlewares\errorMiddleware.js
FN:1,errorHandler
FNF:1
FNH:1
FNDA:9,errorHandler
DA:2,9
DA:3,7
DA:4,6
DA:5,5
DA:6,4
DA:7,3
DA:9,2
DA:12,1
LF:8
LH:8
BRDA:2,0,0,2
BRDA:2,0,1,7
BRDA:2,1,0,9
BRDA:2,1,1,8
BRDA:3,2,0,1
BRDA:3,2,1,6
BRDA:4,3,0,1
BRDA:4,3,1,5
BRDA:5,4,0,1
BRDA:5,4,1,4
BRDA:6,5,0,1
BRDA:6,5,1,3
BRDA:7,6,0,1
BRDA:7,6,1,2
BRF:14
BRH:14
end_of_record
